<?xml version="1.0" encoding="UTF-8"?>
<testng-results skipped="0" failed="0" total="4" passed="4">
  <reporter-output>
  </reporter-output>
  <suite name="Suite" duration-ms="4105" started-at="2018-12-22T09:34:02Z" finished-at="2018-12-22T09:34:06Z">
    <groups>
    </groups>
    <test name="Test" duration-ms="4105" started-at="2018-12-22T09:34:02Z" finished-at="2018-12-22T09:34:06Z">
      <class name="pack1.TestNGClass">
        <test-method status="PASS" signature="one()[pri:0, instance:pack1.TestNGClass@9f70c54]" name="one" duration-ms="2020" started-at="2018-12-22T15:04:02Z" finished-at="2018-12-22T15:04:04Z">
          <reporter-output>
          </reporter-output>
        </test-method> <!-- one -->
        <test-method status="PASS" signature="one()[pri:0, instance:pack1.TestNGClass@9f70c54]" name="one" duration-ms="2019" started-at="2018-12-22T15:04:02Z" finished-at="2018-12-22T15:04:04Z">
          <reporter-output>
          </reporter-output>
        </test-method> <!-- one -->
        <test-method status="PASS" signature="one()[pri:0, instance:pack1.TestNGClass@9f70c54]" name="one" duration-ms="2008" started-at="2018-12-22T15:04:04Z" finished-at="2018-12-22T15:04:06Z">
          <reporter-output>
          </reporter-output>
        </test-method> <!-- one -->
        <test-method status="PASS" signature="one()[pri:0, instance:pack1.TestNGClass@9f70c54]" name="one" duration-ms="2005" started-at="2018-12-22T15:04:04Z" finished-at="2018-12-22T15:04:06Z">
          <reporter-output>
          </reporter-output>
        </test-method> <!-- one -->
      </class> <!-- pack1.TestNGClass -->
    </test> <!-- Test -->
  </suite> <!-- Suite -->
</testng-results>
