<?xml version="1.0" encoding="UTF-8"?>
<testng-results skipped="0" failed="0" total="1" passed="1">
  <reporter-output>
  </reporter-output>
  <suite name="Suite" duration-ms="38" started-at="2018-12-22T09:09:51Z" finished-at="2018-12-22T09:09:51Z">
    <groups>
    </groups>
    <test name="Test" duration-ms="38" started-at="2018-12-22T09:09:51Z" finished-at="2018-12-22T09:09:51Z">
      <class name="pack1.TestNGClass">
        <test-method status="PASS" signature="one()[pri:0, instance:pack1.TestNGClass@7a79be86]" name="one" duration-ms="16" started-at="2018-12-22T14:39:51Z" finished-at="2018-12-22T14:39:51Z">
          <reporter-output>
          </reporter-output>
        </test-method> <!-- one -->
      </class> <!-- pack1.TestNGClass -->
    </test> <!-- Test -->
  </suite> <!-- Suite -->
</testng-results>
